make all --print-data-base --no-builtin-variables --no-builtin-rules --question
make: *** No rule to make target 'all'.  Stop.

# GNU Make 4.3
# Built for x86_64-unknown-linux-gnu
# Copyright (C) 1988-2020 Free Software Foundation, Inc.
# License GPLv3+: GNU GPL version 3 or later <http://gnu.org/licenses/gpl.html>
# This is free software: you are free to change and redistribute it.
# There is NO WARRANTY, to the extent permitted by law.

# Make data base, printed on Sun Jul  3 18:15:13 2022

# Variables

# environment
GDK_BACKEND = x11
# environment
LC_ALL = C
# environment
NO_AT_BRIDGE = 1
# environment
PULSE_SERVER = unix:/run/flatpak/pulse/native
# environment
GJS_DEBUG_OUTPUT = stderr
# environment
VSCODE_IPC_HOOK_EXTHOST = /run/user/1000/vscode-ipc-aed1a79e-9c34-4228-ad09-5ffc92570725.sock
# environment
VSCODE_CWD = /home/kazim
# environment
GDM_LANG = en_GB.UTF-8
# default
MAKE_COMMAND := make
# environment
NPM_CONFIG_USERCONFIG = /home/kazim/.var/app/com.vscodium.codium/config/npmrc
# automatic
@D = $(patsubst %/,%,$(dir $@))
# environment
VSCODE_HANDLES_UNCAUGHT_ERRORS = true
# default
.VARIABLES := 
# environment
PWD = /home/kazim/github/Computer_Graphics_vulkan_Project_Manzella_Mora/MyProject
# automatic
%D = $(patsubst %/,%,$(dir $%))
# environment
GI_TYPELIB_PATH = /app/lib/girepository-1.0
# environment
HOSTNAME = fedora
# environment
MAIL = /var/spool/mail/kazim
# environment
XDG_DATA_DIRS = /app/share:/usr/share:/usr/share/runtime/share:/run/host/user-share:/run/host/share
# automatic
^D = $(patsubst %/,%,$(dir $^))
# environment
VSCODE_LOG_STACK = false
# automatic
%F = $(notdir $%)
# environment
VSCODE_CODE_CACHE_PATH = /home/kazim/.var/app/com.vscodium.codium/config/VSCodium/CachedData/30d9c6cd9483b2cc586687151bcbcd635f373630
# environment
LANG = C
# environment
XAUTHORITY = /run/flatpak/Xauthority
# default
.LOADED := 
# default
.INCLUDE_DIRS = /usr/include /usr/include
# environment
ALSA_CONFIG_DIR = /usr/share/alsa
# makefile
MAKEFLAGS = pqrR
# makefile
CURDIR := /home/kazim/github/Computer_Graphics_vulkan_Project_Manzella_Mora/MyProject
# environment
VSCODE_PIPE_LOGGING = true
# environment
APPLICATION_INSIGHTS_NO_DIAGNOSTIC_CHANNEL = true
# environment
LESSOPEN = ||/usr/bin/lesspipe.sh %s
# automatic
*D = $(patsubst %/,%,$(dir $*))
# environment
MFLAGS = -pqrR
# environment
SSH_AUTH_SOCK = /run/flatpak/ssh-auth
# default
.SHELLFLAGS := -c
# environment
WAYLAND_DISPLAY = wayland-0
# environment
HISTSIZE = 1000
# environment
XDG_CONFIG_DIRS = /app/etc/xdg:/etc/xdg
# automatic
+D = $(patsubst %/,%,$(dir $+))
# environment
ALSA_CONFIG_PATH = /usr/share/alsa/alsa-flatpak.conf
# environment
XDG_SESSION_DESKTOP = gnome
# makefile (from 'makefile', line 1)
MAKEFILE_LIST := makefile
# environment
FLATPAK_SANDBOX_DIR = /home/kazim/.var/app/com.vscodium.codium/sandbox
# automatic
@F = $(notdir $@)
# environment
VSCODE_VERBOSE_LOGGING = true
# environment
VSCODE_PID = 18
# environment
XDG_SESSION_TYPE = wayland
# automatic
?D = $(patsubst %/,%,$(dir $?))
# environment
PYTHONUSERBASE = /home/kazim/.var/app/com.vscodium.codium/data/python
# environment
AT_SPI_BUS_ADDRESS = unix:path=/run/flatpak/at-spi-bus
# makefile (from 'makefile', line 1)
CCFLAGS = -std=c++17
# environment
XDG_DATA_HOME = /home/kazim/.var/app/com.vscodium.codium/data
# environment
SESSION_MANAGER = local/unix:@/tmp/.ICE-unix/1923,unix/unix:/tmp/.ICE-unix/1923
# automatic
*F = $(notdir $*)
# environment
CHROME_DESKTOP = codium-url-handler.desktop
# environment
DBUS_SESSION_BUS_ADDRESS = unix:path=/run/flatpak/bus
# automatic
<D = $(patsubst %/,%,$(dir $<))
# environment
VSCODE_NLS_CONFIG = {"locale":"en-gb","availableLanguages":{},"_languagePackSupport":true}
# environment
__EGL_EXTERNAL_PLATFORM_CONFIG_DIRS = /etc/egl/egl_external_platform.d:/usr/lib/x86_64-linux-gnu/GL/egl/egl_external_platform.d:/usr/share/egl/egl_external_platform.d
# default
MAKE_HOST := x86_64-unknown-linux-gnu
# makefile
SHELL = /bin/sh
# default
MAKECMDGOALS := all
# environment
XMODIFIERS = @im=ibus
# environment
LD_LIBRARY_PATH = /app/lib
# environment
GJS_DEBUG_TOPICS = JS ERROR;JS LOG
# environment
SHLVL = 1
# environment
MAKELEVEL := 0
# default
MAKE = $(MAKE_COMMAND)
# environment
PATH = /app/bin:/usr/bin:/home/kazim/.var/app/com.vscodium.codium/data/node/bin:/home/kazim/.var/app/com.vscodium.codium/data/cargo/bin:/home/kazim/.var/app/com.vscodium.codium/data/python/bin
# environment
MOZ_GMP_PATH = /usr/lib64/mozilla/plugins/gmp-gmpopenh264/system-installed
# default
MAKEFILES := 
# automatic
^F = $(notdir $^)
# environment
DBUS_SYSTEM_BUS_ADDRESS = unix:path=/run/dbus/system_bus_socket
# environment
CARGO_HOME = /home/kazim/.var/app/com.vscodium.codium/data/cargo
# environment
XDG_CONFIG_HOME = /home/kazim/.var/app/com.vscodium.codium/config
# environment
INVOCATION_ID = 02071393c28749e596053b97c5fe1e73
# environment
VSCODE_LOG_NATIVE = false
# environment
USERNAME = kazim
# environment
GNOME_SETUP_DISPLAY = :1
# automatic
?F = $(notdir $?)
# makefile (from 'makefile', line 3)
INC = -I./headers
# environment
XDG_CURRENT_DESKTOP = GNOME
# environment
KDEDIRS = /usr
# automatic
+F = $(notdir $+)
# environment
DESKTOP_SESSION = gnome
# environment
GST_PLUGIN_SYSTEM_PATH = /app/lib/gstreamer-1.0:/usr/lib/extensions/gstreamer-1.0:/usr/lib/x86_64-linux-gnu/gstreamer-1.0
# environment
ORIGINAL_XDG_CURRENT_DESKTOP = GNOME
# 'override' directive
GNUMAKEFLAGS := 
# environment
LOGNAME = kazim
# environment
container = flatpak
# environment
GIO_LAUNCHED_DESKTOP_FILE = /var/lib/flatpak/exports/share/applications/com.vscodium.codium.desktop
# makefile
.DEFAULT_GOAL := VulkanTest
# environment
SYSTEMD_EXEC_PID = 1982
# environment
HISTCONTROL = ignoredups
# environment
EDITOR = /usr/bin/nano
# environment
NPM_CONFIG_GLOBALCONFIG = /app/etc/npmrc
# environment
USER = kazim
# environment
DISPLAY = :99.0
# default
MAKE_VERSION := 4.3
# makefile (from 'makefile', line 2)
LDFLAGS = -lglfw -lvulkan -ldl -lpthread -lX11 -L/lib64 -lXrandr -lXi
# environment
MANAGERPID = 1802
# environment
which_declare = declare -f
# environment
DEBUGINFOD_URLS = https://debuginfod.fedoraproject.org/ 
# environment
GIO_LAUNCHED_DESKTOP_FILE_PID = 34988
# environment
_ = /usr/bin/make
# environment
XDG_RUNTIME_DIR = /run/user/1000
# environment
PULSE_CLIENTCONFIG = /run/flatpak/pulse/config
# environment
CARGO_INSTALL_ROOT = /home/kazim/.var/app/com.vscodium.codium/data/cargo
# environment
JOURNAL_STREAM = 8:25154
# environment
XDG_SESSION_CLASS = user
# environment
VSCODE_AMD_ENTRYPOINT = vs/workbench/api/node/extensionHostProcess
# environment
HOME = /home/kazim
# environment
QT_IM_MODULE = ibus
# environment
ELECTRON_RUN_AS_NODE = 1
# environment
VSCODE_IPC_HOOK = /run/user/1000/vscode-12a91e8e-1.68.1-main.sock
# default
.RECIPEPREFIX := 
# automatic
<F = $(notdir $<)
# default
SUFFIXES := 
# environment
XDG_CACHE_HOME = /home/kazim/.var/app/com.vscodium.codium/cache
# environment
VSCODE_CLI = 1
# environment
ELECTRON_NO_ATTACH_CONSOLE = 1
# environment
FLATPAK_IDE_ENV = 1
# default
.FEATURES := target-specific order-only second-expansion else-if shortest-stem undefine oneshell nocomment grouped-target extra-prereqs archives jobserver output-sync check-symlink load
# environment
FLATPAK_ID = com.vscodium.codium
# environment
XDG_MENU_PREFIX = gnome-
# environment
GDMSESSION = gnome
# variable set hash-table stats:
# Load=128/1024=12%, Rehash=0, Collisions=13/156=8%

# Pattern-specific Variable Values

# No pattern-specific variable values.

# Directories

# . (device 39, inode 693899): 12 files, no impossibilities.

# 12 files, no impossibilities in 1 directories.

# Implicit Rules

# No implicit rules.

# Files

VulkanTest: MyProject.cpp
#  Implicit rule search has not been done.
#  Modification time never checked.
#  File has not been updated.
#  recipe to execute (from 'makefile', line 5):
	g++ $(CFLAGS) $(INC) -o Vulkan MyProject.cpp $(LDFLAGS)

# Not a target:
Vulkan:
#  Implicit rule search has not been done.
#  Modification time never checked.
#  File has not been updated.

clean:
#  Phony target (prerequisite of .PHONY).
#  Implicit rule search has not been done.
#  File does not exist.
#  File has not been updated.
#  recipe to execute (from 'makefile', line 17):
	rm -f Vulkan

 
# Not a target:
.DEFAULT:
#  Implicit rule search has not been done.
#  Modification time never checked.
#  File has not been updated.

# Not a target:
all:
#  Command line target.
#  Implicit rule search has been done.
#  File does not exist.
#  File has not been updated.

# Not a target:
MyProject.cpp:
#  Implicit rule search has not been done.
#  Modification time never checked.
#  File has not been updated.

test: Vulkan
#  Phony target (prerequisite of .PHONY).
#  Implicit rule search has not been done.
#  File does not exist.
#  File has not been updated.
#  recipe to execute (from 'makefile', line 10):
	./Vulkan

# Not a target:
makefile:
#  Implicit rule search has been done.
#  Last modified 2022-06-24 09:54:03.82213
#  File has been updated.
#  Successfully updated.

.PHONY: test clean
#  Implicit rule search has not been done.
#  Modification time never checked.
#  File has not been updated.

comp:
#  Implicit rule search has not been done.
#  Modification time never checked.
#  File has not been updated.
#  recipe to execute (from 'makefile', line 20):
	glslc ./shaders/BRDFShader.frag -o ./shaders/BRDFFrag.spv	
	glslc ./shaders/BRDFShader.vert -o ./shaders/BRDFVert.spv	
	./Vulkan

gdb: Vulkan
#  Implicit rule search has not been done.
#  Modification time never checked.
#  File has not been updated.
#  recipe to execute (from 'makefile', line 13):
	gdb ./Vulkan

# files hash-table stats:
# Load=12/1024=1%, Rehash=0, Collisions=0/29=0%
# VPATH Search Paths

# No 'vpath' search paths.

# No general ('VPATH' variable) search path.

# strcache buffers: 1 (0) / strings = 22 / storage = 173 B / avg = 7 B
# current buf: size = 8162 B / used = 173 B / count = 22 / avg = 7 B

# strcache performance: lookups = 37 / hit rate = 40%
# hash-table stats:
# Load=22/8192=0%, Rehash=0, Collisions=0/37=0%
# Finished Make data base on Sun Jul  3 18:15:13 2022

 
